Analysis & Synthesis report for vending_machine
Fri May 26 11:35:59 2017
Quartus II 64-Bit Version 13.1.0 Build 162 10/23/2013 SJ Web Edition


---------------------
; Table of Contents ;
---------------------
  1. Legal Notice
  2. Analysis & Synthesis Summary
  3. Analysis & Synthesis Settings
  4. Parallel Compilation
  5. Analysis & Synthesis Source Files Read
  6. Analysis & Synthesis Resource Usage Summary
  7. Analysis & Synthesis Resource Utilization by Entity
  8. General Register Statistics
  9. Port Connectivity Checks: "ssd:comb_26"
 10. Port Connectivity Checks: "muxDortBir:comb_24"
 11. Port Connectivity Checks: "muxDortBir:comb_23"
 12. Port Connectivity Checks: "muxDortBir:comb_22"
 13. Port Connectivity Checks: "muxDortBir:comb_21"
 14. Elapsed Time Per Partition
 15. Analysis & Synthesis Messages



----------------
; Legal Notice ;
----------------
Copyright (C) 1991-2013 Altera Corporation
Your use of Altera Corporation's design tools, logic functions 
and other software and tools, and its AMPP partner logic 
functions, and any output files from any of the foregoing 
(including device programming or simulation files), and any 
associated documentation or information are expressly subject 
to the terms and conditions of the Altera Program License 
Subscription Agreement, Altera MegaCore Function License 
Agreement, or other applicable license agreement, including, 
without limitation, that your use is for the sole purpose of 
programming logic devices manufactured by Altera and sold by 
Altera or its authorized distributors.  Please refer to the 
applicable agreement for further details.



+---------------------------------------------------------------------------------+
; Analysis & Synthesis Summary                                                    ;
+------------------------------------+--------------------------------------------+
; Analysis & Synthesis Status        ; Successful - Fri May 26 11:35:59 2017      ;
; Quartus II 64-Bit Version          ; 13.1.0 Build 162 10/23/2013 SJ Web Edition ;
; Revision Name                      ; vending_machine                            ;
; Top-level Entity Name              ; vending_machine                            ;
; Family                             ; Cyclone IV E                               ;
; Total logic elements               ; 90                                         ;
;     Total combinational functions  ; 90                                         ;
;     Dedicated logic registers      ; 0                                          ;
; Total registers                    ; 0                                          ;
; Total pins                         ; 58                                         ;
; Total virtual pins                 ; 0                                          ;
; Total memory bits                  ; 0                                          ;
; Embedded Multiplier 9-bit elements ; 0                                          ;
; Total PLLs                         ; 0                                          ;
+------------------------------------+--------------------------------------------+


+----------------------------------------------------------------------------------------------------------------------+
; Analysis & Synthesis Settings                                                                                        ;
+----------------------------------------------------------------------------+--------------------+--------------------+
; Option                                                                     ; Setting            ; Default Value      ;
+----------------------------------------------------------------------------+--------------------+--------------------+
; Device                                                                     ; EP4CE115F29C7      ;                    ;
; Top-level entity name                                                      ; vending_machine    ; vending_machine    ;
; Family name                                                                ; Cyclone IV E       ; Cyclone IV GX      ;
; Use smart compilation                                                      ; Off                ; Off                ;
; Enable parallel Assembler and TimeQuest Timing Analyzer during compilation ; On                 ; On                 ;
; Enable compact report table                                                ; Off                ; Off                ;
; Restructure Multiplexers                                                   ; Auto               ; Auto               ;
; Create Debugging Nodes for IP Cores                                        ; Off                ; Off                ;
; Preserve fewer node names                                                  ; On                 ; On                 ;
; Disable OpenCore Plus hardware evaluation                                  ; Off                ; Off                ;
; Verilog Version                                                            ; Verilog_2001       ; Verilog_2001       ;
; VHDL Version                                                               ; VHDL_1993          ; VHDL_1993          ;
; State Machine Processing                                                   ; Auto               ; Auto               ;
; Safe State Machine                                                         ; Off                ; Off                ;
; Extract Verilog State Machines                                             ; On                 ; On                 ;
; Extract VHDL State Machines                                                ; On                 ; On                 ;
; Ignore Verilog initial constructs                                          ; Off                ; Off                ;
; Iteration limit for constant Verilog loops                                 ; 5000               ; 5000               ;
; Iteration limit for non-constant Verilog loops                             ; 250                ; 250                ;
; Add Pass-Through Logic to Inferred RAMs                                    ; On                 ; On                 ;
; Infer RAMs from Raw Logic                                                  ; On                 ; On                 ;
; Parallel Synthesis                                                         ; On                 ; On                 ;
; DSP Block Balancing                                                        ; Auto               ; Auto               ;
; NOT Gate Push-Back                                                         ; On                 ; On                 ;
; Power-Up Don't Care                                                        ; On                 ; On                 ;
; Remove Redundant Logic Cells                                               ; Off                ; Off                ;
; Remove Duplicate Registers                                                 ; On                 ; On                 ;
; Ignore CARRY Buffers                                                       ; Off                ; Off                ;
; Ignore CASCADE Buffers                                                     ; Off                ; Off                ;
; Ignore GLOBAL Buffers                                                      ; Off                ; Off                ;
; Ignore ROW GLOBAL Buffers                                                  ; Off                ; Off                ;
; Ignore LCELL Buffers                                                       ; Off                ; Off                ;
; Ignore SOFT Buffers                                                        ; On                 ; On                 ;
; Limit AHDL Integers to 32 Bits                                             ; Off                ; Off                ;
; Optimization Technique                                                     ; Balanced           ; Balanced           ;
; Carry Chain Length                                                         ; 70                 ; 70                 ;
; Auto Carry Chains                                                          ; On                 ; On                 ;
; Auto Open-Drain Pins                                                       ; On                 ; On                 ;
; Perform WYSIWYG Primitive Resynthesis                                      ; Off                ; Off                ;
; Auto ROM Replacement                                                       ; On                 ; On                 ;
; Auto RAM Replacement                                                       ; On                 ; On                 ;
; Auto DSP Block Replacement                                                 ; On                 ; On                 ;
; Auto Shift Register Replacement                                            ; Auto               ; Auto               ;
; Allow Shift Register Merging across Hierarchies                            ; Auto               ; Auto               ;
; Auto Clock Enable Replacement                                              ; On                 ; On                 ;
; Strict RAM Replacement                                                     ; Off                ; Off                ;
; Allow Synchronous Control Signals                                          ; On                 ; On                 ;
; Force Use of Synchronous Clear Signals                                     ; Off                ; Off                ;
; Auto RAM Block Balancing                                                   ; On                 ; On                 ;
; Auto RAM to Logic Cell Conversion                                          ; Off                ; Off                ;
; Auto Resource Sharing                                                      ; Off                ; Off                ;
; Allow Any RAM Size For Recognition                                         ; Off                ; Off                ;
; Allow Any ROM Size For Recognition                                         ; Off                ; Off                ;
; Allow Any Shift Register Size For Recognition                              ; Off                ; Off                ;
; Use LogicLock Constraints during Resource Balancing                        ; On                 ; On                 ;
; Ignore translate_off and synthesis_off directives                          ; Off                ; Off                ;
; Timing-Driven Synthesis                                                    ; On                 ; On                 ;
; Report Parameter Settings                                                  ; On                 ; On                 ;
; Report Source Assignments                                                  ; On                 ; On                 ;
; Report Connectivity Checks                                                 ; On                 ; On                 ;
; Ignore Maximum Fan-Out Assignments                                         ; Off                ; Off                ;
; Synchronization Register Chain Length                                      ; 2                  ; 2                  ;
; PowerPlay Power Optimization                                               ; Normal compilation ; Normal compilation ;
; HDL message level                                                          ; Level2             ; Level2             ;
; Suppress Register Optimization Related Messages                            ; Off                ; Off                ;
; Number of Removed Registers Reported in Synthesis Report                   ; 5000               ; 5000               ;
; Number of Swept Nodes Reported in Synthesis Report                         ; 5000               ; 5000               ;
; Number of Inverted Registers Reported in Synthesis Report                  ; 100                ; 100                ;
; Clock MUX Protection                                                       ; On                 ; On                 ;
; Auto Gated Clock Conversion                                                ; Off                ; Off                ;
; Block Design Naming                                                        ; Auto               ; Auto               ;
; SDC constraint protection                                                  ; Off                ; Off                ;
; Synthesis Effort                                                           ; Auto               ; Auto               ;
; Shift Register Replacement - Allow Asynchronous Clear Signal               ; On                 ; On                 ;
; Pre-Mapping Resynthesis Optimization                                       ; Off                ; Off                ;
; Analysis & Synthesis Message Level                                         ; Medium             ; Medium             ;
; Disable Register Merging Across Hierarchies                                ; Auto               ; Auto               ;
; Resource Aware Inference For Block RAM                                     ; On                 ; On                 ;
; Synthesis Seed                                                             ; 1                  ; 1                  ;
+----------------------------------------------------------------------------+--------------------+--------------------+


Parallel compilation was disabled, but you have multiple processors available. Enable parallel compilation to reduce compilation time.
+-------------------------------------+
; Parallel Compilation                ;
+----------------------------+--------+
; Processors                 ; Number ;
+----------------------------+--------+
; Number detected on machine ; 4      ;
; Maximum allowed            ; 1      ;
+----------------------------+--------+


+-----------------------------------------------------------------------------------------------------------------------------------------------+
; Analysis & Synthesis Source Files Read                                                                                                        ;
+----------------------------------+-----------------+------------------------+-------------------------------------------------------+---------+
; File Name with User-Entered Path ; Used in Netlist ; File Type              ; File Name with Absolute Path                          ; Library ;
+----------------------------------+-----------------+------------------------+-------------------------------------------------------+---------+
; vending_machine.v                ; yes             ; User Verilog HDL File  ; C:/Users/saruhan/Desktop/sonvending/vending_machine.v ;         ;
+----------------------------------+-----------------+------------------------+-------------------------------------------------------+---------+


+------------------------------------------------------------------------------------------------------------------+
; Analysis & Synthesis Resource Usage Summary                                                                      ;
+---------------------------------------------+--------------------------------------------------------------------+
; Resource                                    ; Usage                                                              ;
+---------------------------------------------+--------------------------------------------------------------------+
; Estimated Total logic elements              ; 90                                                                 ;
;                                             ;                                                                    ;
; Total combinational functions               ; 90                                                                 ;
; Logic element usage by number of LUT inputs ;                                                                    ;
;     -- 4 input functions                    ; 70                                                                 ;
;     -- 3 input functions                    ; 9                                                                  ;
;     -- <=2 input functions                  ; 11                                                                 ;
;                                             ;                                                                    ;
; Logic elements by mode                      ;                                                                    ;
;     -- normal mode                          ; 90                                                                 ;
;     -- arithmetic mode                      ; 0                                                                  ;
;                                             ;                                                                    ;
; Total registers                             ; 0                                                                  ;
;     -- Dedicated logic registers            ; 0                                                                  ;
;     -- I/O registers                        ; 0                                                                  ;
;                                             ;                                                                    ;
; I/O pins                                    ; 58                                                                 ;
; Embedded Multiplier 9-bit elements          ; 0                                                                  ;
; Maximum fan-out node                        ; fiveBitSubtractor:comb_29|fullSubtractor:comb_7|halfSubtractor:B|E ;
; Maximum fan-out                             ; 24                                                                 ;
; Total fan-out                               ; 429                                                                ;
; Average fan-out                             ; 2.08                                                               ;
+---------------------------------------------+--------------------------------------------------------------------+


+-----------------------------------------------------------------------------------------------------------------------------------------------------------------------------------------------------------------------------------------------+
; Analysis & Synthesis Resource Utilization by Entity                                                                                                                                                                                           ;
+--------------------------------+-------------------+--------------+-------------+--------------+---------+-----------+------+--------------+-----------------------------------------------------------------------------------+--------------+
; Compilation Hierarchy Node     ; LC Combinationals ; LC Registers ; Memory Bits ; DSP Elements ; DSP 9x9 ; DSP 18x18 ; Pins ; Virtual Pins ; Full Hierarchy Name                                                               ; Library Name ;
+--------------------------------+-------------------+--------------+-------------+--------------+---------+-----------+------+--------------+-----------------------------------------------------------------------------------+--------------+
; |vending_machine               ; 90 (4)            ; 0 (0)        ; 0           ; 0            ; 0       ; 0         ; 58   ; 0            ; |vending_machine                                                                  ; work         ;
;    |decoder2_4:comb_28|        ; 3 (3)             ; 0 (0)        ; 0           ; 0            ; 0       ; 0         ; 0    ; 0            ; |vending_machine|decoder2_4:comb_28                                               ; work         ;
;    |fiveBitSubtractor:comb_29| ; 12 (4)            ; 0 (0)        ; 0           ; 0            ; 0       ; 0         ; 0    ; 0            ; |vending_machine|fiveBitSubtractor:comb_29                                        ; work         ;
;       |fullSubtractor:comb_4|  ; 2 (1)             ; 0 (0)        ; 0           ; 0            ; 0       ; 0         ; 0    ; 0            ; |vending_machine|fiveBitSubtractor:comb_29|fullSubtractor:comb_4                  ; work         ;
;          |halfSubtractor:B|    ; 1 (1)             ; 0 (0)        ; 0           ; 0            ; 0       ; 0         ; 0    ; 0            ; |vending_machine|fiveBitSubtractor:comb_29|fullSubtractor:comb_4|halfSubtractor:B ; work         ;
;       |fullSubtractor:comb_5|  ; 2 (1)             ; 0 (0)        ; 0           ; 0            ; 0       ; 0         ; 0    ; 0            ; |vending_machine|fiveBitSubtractor:comb_29|fullSubtractor:comb_5                  ; work         ;
;          |halfSubtractor:B|    ; 1 (1)             ; 0 (0)        ; 0           ; 0            ; 0       ; 0         ; 0    ; 0            ; |vending_machine|fiveBitSubtractor:comb_29|fullSubtractor:comb_5|halfSubtractor:B ; work         ;
;       |fullSubtractor:comb_6|  ; 1 (0)             ; 0 (0)        ; 0           ; 0            ; 0       ; 0         ; 0    ; 0            ; |vending_machine|fiveBitSubtractor:comb_29|fullSubtractor:comb_6                  ; work         ;
;          |halfSubtractor:B|    ; 1 (1)             ; 0 (0)        ; 0           ; 0            ; 0       ; 0         ; 0    ; 0            ; |vending_machine|fiveBitSubtractor:comb_29|fullSubtractor:comb_6|halfSubtractor:B ; work         ;
;       |fullSubtractor:comb_7|  ; 2 (0)             ; 0 (0)        ; 0           ; 0            ; 0       ; 0         ; 0    ; 0            ; |vending_machine|fiveBitSubtractor:comb_29|fullSubtractor:comb_7                  ; work         ;
;          |halfSubtractor:B|    ; 2 (2)             ; 0 (0)        ; 0           ; 0            ; 0       ; 0         ; 0    ; 0            ; |vending_machine|fiveBitSubtractor:comb_29|fullSubtractor:comb_7|halfSubtractor:B ; work         ;
;       |halfSubtractor:comb_3|  ; 1 (1)             ; 0 (0)        ; 0           ; 0            ; 0       ; 0         ; 0    ; 0            ; |vending_machine|fiveBitSubtractor:comb_29|halfSubtractor:comb_3                  ; work         ;
;    |ledY:comb_33|              ; 4 (4)             ; 0 (0)        ; 0           ; 0            ; 0       ; 0         ; 0    ; 0            ; |vending_machine|ledY:comb_33                                                     ; work         ;
;    |ssd:comb_26|               ; 1 (1)             ; 0 (0)        ; 0           ; 0            ; 0       ; 0         ; 0    ; 0            ; |vending_machine|ssd:comb_26                                                      ; work         ;
;    |ssd:comb_27|               ; 19 (19)           ; 0 (0)        ; 0           ; 0            ; 0       ; 0         ; 0    ; 0            ; |vending_machine|ssd:comb_27                                                      ; work         ;
;    |ssd:comb_30|               ; 47 (47)           ; 0 (0)        ; 0           ; 0            ; 0       ; 0         ; 0    ; 0            ; |vending_machine|ssd:comb_30                                                      ; work         ;
+--------------------------------+-------------------+--------------+-------------+--------------+---------+-----------+------+--------------+-----------------------------------------------------------------------------------+--------------+
Note: For table entries with two numbers listed, the numbers in parentheses indicate the number of resources of the given type used by the specific entity alone. The numbers listed outside of parentheses indicate the total resources of the given type used by the specific entity and all of its sub-entities in the hierarchy.


+------------------------------------------------------+
; General Register Statistics                          ;
+----------------------------------------------+-------+
; Statistic                                    ; Value ;
+----------------------------------------------+-------+
; Total registers                              ; 0     ;
; Number of registers using Synchronous Clear  ; 0     ;
; Number of registers using Synchronous Load   ; 0     ;
; Number of registers using Asynchronous Clear ; 0     ;
; Number of registers using Asynchronous Load  ; 0     ;
; Number of registers using Clock Enable       ; 0     ;
; Number of registers using Preset             ; 0     ;
+----------------------------------------------+-------+


+-----------------------------------------+
; Port Connectivity Checks: "ssd:comb_26" ;
+-------+-------+----------+--------------+
; Port  ; Type  ; Severity ; Details      ;
+-------+-------+----------+--------------+
; SW[4] ; Input ; Info     ; Stuck at GND ;
+-------+-------+----------+--------------+


+------------------------------------------------+
; Port Connectivity Checks: "muxDortBir:comb_24" ;
+------+-------+----------+----------------------+
; Port ; Type  ; Severity ; Details              ;
+------+-------+----------+----------------------+
; i0   ; Input ; Info     ; Stuck at GND         ;
; i1   ; Input ; Info     ; Stuck at GND         ;
; i2   ; Input ; Info     ; Stuck at GND         ;
; i3   ; Input ; Info     ; Stuck at VCC         ;
+------+-------+----------+----------------------+


+------------------------------------------------+
; Port Connectivity Checks: "muxDortBir:comb_23" ;
+------+-------+----------+----------------------+
; Port ; Type  ; Severity ; Details              ;
+------+-------+----------+----------------------+
; i0   ; Input ; Info     ; Stuck at GND         ;
; i1   ; Input ; Info     ; Stuck at GND         ;
; i2   ; Input ; Info     ; Stuck at VCC         ;
; i3   ; Input ; Info     ; Stuck at GND         ;
+------+-------+----------+----------------------+


+------------------------------------------------+
; Port Connectivity Checks: "muxDortBir:comb_22" ;
+------+-------+----------+----------------------+
; Port ; Type  ; Severity ; Details              ;
+------+-------+----------+----------------------+
; i0   ; Input ; Info     ; Stuck at GND         ;
; i1   ; Input ; Info     ; Stuck at VCC         ;
; i2   ; Input ; Info     ; Stuck at GND         ;
; i3   ; Input ; Info     ; Stuck at VCC         ;
+------+-------+----------+----------------------+


+------------------------------------------------+
; Port Connectivity Checks: "muxDortBir:comb_21" ;
+------+-------+----------+----------------------+
; Port ; Type  ; Severity ; Details              ;
+------+-------+----------+----------------------+
; i0   ; Input ; Info     ; Stuck at VCC         ;
; i1   ; Input ; Info     ; Stuck at VCC         ;
; i2   ; Input ; Info     ; Stuck at VCC         ;
; i3   ; Input ; Info     ; Stuck at GND         ;
+------+-------+----------+----------------------+


+-------------------------------+
; Elapsed Time Per Partition    ;
+----------------+--------------+
; Partition Name ; Elapsed Time ;
+----------------+--------------+
; Top            ; 00:00:01     ;
+----------------+--------------+


+-------------------------------+
; Analysis & Synthesis Messages ;
+-------------------------------+
Info: *******************************************************************
Info: Running Quartus II 64-Bit Analysis & Synthesis
    Info: Version 13.1.0 Build 162 10/23/2013 SJ Web Edition
    Info: Processing started: Fri May 26 11:35:55 2017
Info: Command: quartus_map --read_settings_files=on --write_settings_files=off vending_machine -c vending_machine
Warning (20028): Parallel compilation is not licensed and has been disabled
Warning (10463): Verilog HDL Declaration warning at vending_machine.v(156): "return" is SystemVerilog-2005 keyword
Warning (10463): Verilog HDL Declaration warning at vending_machine.v(162): "return" is SystemVerilog-2005 keyword
Info (12021): Found 10 design units, including 10 entities, in source file vending_machine.v
    Info (12023): Found entity 1: vending_machine
    Info (12023): Found entity 2: ledK
    Info (12023): Found entity 3: ledY
    Info (12023): Found entity 4: decoder2_4
    Info (12023): Found entity 5: fiveBitSubtractor
    Info (12023): Found entity 6: halfSubtractor
    Info (12023): Found entity 7: fullSubtractor
    Info (12023): Found entity 8: ssd
    Info (12023): Found entity 9: ikiBirMux
    Info (12023): Found entity 10: muxDortBir
Warning (10236): Verilog HDL Implicit Net warning at vending_machine.v(99): created implicit net for "S0"
Warning (10236): Verilog HDL Implicit Net warning at vending_machine.v(99): created implicit net for "E0"
Warning (10236): Verilog HDL Implicit Net warning at vending_machine.v(100): created implicit net for "S1"
Warning (10236): Verilog HDL Implicit Net warning at vending_machine.v(100): created implicit net for "E1"
Warning (10236): Verilog HDL Implicit Net warning at vending_machine.v(101): created implicit net for "S2"
Warning (10236): Verilog HDL Implicit Net warning at vending_machine.v(101): created implicit net for "E2"
Warning (10236): Verilog HDL Implicit Net warning at vending_machine.v(102): created implicit net for "S3"
Warning (10236): Verilog HDL Implicit Net warning at vending_machine.v(102): created implicit net for "E3"
Warning (10236): Verilog HDL Implicit Net warning at vending_machine.v(103): created implicit net for "S4"
Critical Warning (10846): Verilog HDL Instantiation warning at vending_machine.v(40): instance has no name
Critical Warning (10846): Verilog HDL Instantiation warning at vending_machine.v(41): instance has no name
Critical Warning (10846): Verilog HDL Instantiation warning at vending_machine.v(42): instance has no name
Critical Warning (10846): Verilog HDL Instantiation warning at vending_machine.v(43): instance has no name
Critical Warning (10846): Verilog HDL Instantiation warning at vending_machine.v(46): instance has no name
Critical Warning (10846): Verilog HDL Instantiation warning at vending_machine.v(47): instance has no name
Critical Warning (10846): Verilog HDL Instantiation warning at vending_machine.v(51): instance has no name
Critical Warning (10846): Verilog HDL Instantiation warning at vending_machine.v(99): instance has no name
Critical Warning (10846): Verilog HDL Instantiation warning at vending_machine.v(100): instance has no name
Critical Warning (10846): Verilog HDL Instantiation warning at vending_machine.v(101): instance has no name
Critical Warning (10846): Verilog HDL Instantiation warning at vending_machine.v(102): instance has no name
Critical Warning (10846): Verilog HDL Instantiation warning at vending_machine.v(103): instance has no name
Critical Warning (10846): Verilog HDL Instantiation warning at vending_machine.v(55): instance has no name
Critical Warning (10846): Verilog HDL Instantiation warning at vending_machine.v(56): instance has no name
Critical Warning (10846): Verilog HDL Instantiation warning at vending_machine.v(59): instance has no name
Critical Warning (10846): Verilog HDL Instantiation warning at vending_machine.v(60): instance has no name
Info (12127): Elaborating entity "vending_machine" for the top level hierarchy
Info (12128): Elaborating entity "muxDortBir" for hierarchy "muxDortBir:comb_21"
Info (12128): Elaborating entity "ikiBirMux" for hierarchy "muxDortBir:comb_21|ikiBirMux:C"
Info (12128): Elaborating entity "ssd" for hierarchy "ssd:comb_26"
Info (12128): Elaborating entity "decoder2_4" for hierarchy "decoder2_4:comb_28"
Info (12128): Elaborating entity "fiveBitSubtractor" for hierarchy "fiveBitSubtractor:comb_29"
Info (12128): Elaborating entity "halfSubtractor" for hierarchy "fiveBitSubtractor:comb_29|halfSubtractor:comb_3"
Info (12128): Elaborating entity "fullSubtractor" for hierarchy "fiveBitSubtractor:comb_29|fullSubtractor:comb_4"
Info (12128): Elaborating entity "ledY" for hierarchy "ledY:comb_33"
Info (12128): Elaborating entity "ledK" for hierarchy "ledK:comb_34"
Warning (13024): Output pins are stuck at VCC or GND
    Warning (13410): Pin "HEX5[5]" is stuck at VCC
    Warning (13410): Pin "HEX3[5]" is stuck at VCC
    Warning (13410): Pin "HEX1[0]" is stuck at VCC
    Warning (13410): Pin "HEX1[3]" is stuck at VCC
    Warning (13410): Pin "HEX1[4]" is stuck at VCC
    Warning (13410): Pin "HEX1[5]" is stuck at VCC
    Warning (13410): Pin "HEX1[6]" is stuck at VCC
    Warning (13410): Pin "HEX0[2]" is stuck at GND
Info (286030): Timing-Driven Synthesis is running
Info (16010): Generating hard_block partition "hard_block:auto_generated_inst"
    Info (16011): Adding 0 node(s), including 0 DDIO, 0 PLL, 0 transceiver and 0 LCELL
Info (21057): Implemented 148 device resources after synthesis - the final resource count might be different
    Info (21058): Implemented 8 input pins
    Info (21059): Implemented 50 output pins
    Info (21061): Implemented 90 logic cells
Info: Quartus II 64-Bit Analysis & Synthesis was successful. 0 errors, 37 warnings
    Info: Peak virtual memory: 511 megabytes
    Info: Processing ended: Fri May 26 11:35:59 2017
    Info: Elapsed time: 00:00:04
    Info: Total CPU time (on all processors): 00:00:03


